[INFO] Scanning for projects...
[INFO] 
[INFO] ----------------------< com.SberTex.app:Sortings >----------------------
[INFO] Building Sortings 1.0-SNAPSHOT
[INFO]   from pom.xml
[INFO] --------------------------------[ jar ]---------------------------------
[INFO] 
[INFO] --- clean:3.4.0:clean (default-clean) @ Sortings ---
[INFO] Deleting C:\Users\Shiko\IdeaProjects\task1\Task2\Sortings\target
[INFO] 
[INFO] --- resources:3.3.1:resources (default-resources) @ Sortings ---
[INFO] skip non existing resourceDirectory C:\Users\Shiko\IdeaProjects\task1\Task2\Sortings\src\main\resources
[INFO] 
[INFO] --- compiler:3.13.0:compile (default-compile) @ Sortings ---
[INFO] Recompiling the module because of changed source code.
[INFO] Compiling 1 source file with javac [debug release 17] to target\classes
[INFO] 
[INFO] --- resources:3.3.1:testResources (default-testResources) @ Sortings ---
[INFO] skip non existing resourceDirectory C:\Users\Shiko\IdeaProjects\task1\Task2\Sortings\src\test\resources
[INFO] 
[INFO] --- compiler:3.13.0:testCompile (default-testCompile) @ Sortings ---
[INFO] Recompiling the module because of changed dependency.
[INFO] Compiling 1 source file with javac [debug release 17] to target\test-classes
[INFO] 
[INFO] --- surefire:3.3.0:test (default-test) @ Sortings ---
[INFO] Using auto detected provider org.apache.maven.surefire.junitplatform.JUnitPlatformProvider
[INFO] 
[INFO] -------------------------------------------------------
[INFO]  T E S T S
[INFO] -------------------------------------------------------
[INFO] Running com.SberTex.app.AppTest
@BeforeAll executed
@BeforeEach executed
@AfterEach executed
@BeforeEach executed
@AfterEach executed
@AfterAll executed
[INFO] Tests run: 2, Failures: 0, Errors: 0, Skipped: 0, Time elapsed: 0.057 s -- in com.SberTex.app.AppTest
[INFO] 
[INFO] Results:
[INFO] 
[INFO] Tests run: 2, Failures: 0, Errors: 0, Skipped: 0
[INFO] 
[INFO] 
[INFO] --- jar:3.4.2:jar (default-jar) @ Sortings ---
[INFO] Building jar: C:\Users\Shiko\IdeaProjects\task1\Task2\Sortings\target\Sortings-1.0-SNAPSHOT.jar
[INFO] 
[INFO] --- install:3.1.2:install (default-install) @ Sortings ---
[INFO] Downloading from central: https://repo.maven.apache.org/maven2/org/apache/maven/resolver/maven-resolver-util/1.9.18/maven-resolver-util-1.9.18.pom
[INFO] Downloaded from central: https://repo.maven.apache.org/maven2/org/apache/maven/resolver/maven-resolver-util/1.9.18/maven-resolver-util-1.9.18.pom (2.9 kB at 5.3 kB/s)
[INFO] Downloading from central: https://repo.maven.apache.org/maven2/org/apache/maven/resolver/maven-resolver/1.9.18/maven-resolver-1.9.18.pom
[INFO] Downloaded from central: https://repo.maven.apache.org/maven2/org/apache/maven/resolver/maven-resolver/1.9.18/maven-resolver-1.9.18.pom (22 kB at 225 kB/s)
[INFO] Downloading from central: https://repo.maven.apache.org/maven2/org/apache/maven/resolver/maven-resolver-api/1.9.18/maven-resolver-api-1.9.18.pom
[INFO] Downloaded from central: https://repo.maven.apache.org/maven2/org/apache/maven/resolver/maven-resolver-api/1.9.18/maven-resolver-api-1.9.18.pom (2.7 kB at 41 kB/s)
[INFO] Downloading from central: https://repo.maven.apache.org/maven2/org/apache/maven/resolver/maven-resolver-util/1.9.18/maven-resolver-util-1.9.18.jar
[INFO] Downloaded from central: https://repo.maven.apache.org/maven2/org/apache/maven/resolver/maven-resolver-util/1.9.18/maven-resolver-util-1.9.18.jar (196 kB at 871 kB/s)
[INFO] Downloading from central: https://repo.maven.apache.org/maven2/org/apache/maven/resolver/maven-resolver-api/1.9.18/maven-resolver-api-1.9.18.jar
[INFO] Downloaded from central: https://repo.maven.apache.org/maven2/org/apache/maven/resolver/maven-resolver-api/1.9.18/maven-resolver-api-1.9.18.jar (157 kB at 930 kB/s)
[INFO] Installing C:\Users\Shiko\IdeaProjects\task1\Task2\Sortings\pom.xml to C:\Users\Shiko\.m2\repository\com\SberTex\app\Sortings\1.0-SNAPSHOT\Sortings-1.0-SNAPSHOT.pom
[INFO] Installing C:\Users\Shiko\IdeaProjects\task1\Task2\Sortings\target\Sortings-1.0-SNAPSHOT.jar to C:\Users\Shiko\.m2\repository\com\SberTex\app\Sortings\1.0-SNAPSHOT\Sortings-1.0-SNAPSHOT.jar
[INFO] ------------------------------------------------------------------------
[INFO] BUILD SUCCESS
[INFO] ------------------------------------------------------------------------
[INFO] Total time:  4.292 s
[INFO] Finished at: 2025-02-25T01:00:16+03:00
[INFO] ------------------------------------------------------------------------
